0 info it worked if it ends with ok
1 verbose cli [ '/usr/local/bin/node', '/usr/local/bin/npm', 'run', 'prod' ]
2 info using npm@4.1.2
3 info using node@v7.5.0
4 verbose run-script [ 'preprod', 'prod', 'postprod' ]
5 info lifecycle portfolio-new@1.0.0~preprod: portfolio-new@1.0.0
6 silly lifecycle portfolio-new@1.0.0~preprod: no script for preprod, continuing
7 info lifecycle portfolio-new@1.0.0~prod: portfolio-new@1.0.0
8 verbose lifecycle portfolio-new@1.0.0~prod: unsafe-perm in lifecycle true
9 verbose lifecycle portfolio-new@1.0.0~prod: PATH: /usr/local/lib/node_modules/npm/bin/node-gyp-bin:/Users/124C/Documents/portfolio-react/node_modules/.bin:/Users/124C/miniconda3/bin:/usr/local/heroku/bin:/usr/local/bin:/usr/bin:/bin:/usr/sbin:/sbin:/opt/X11/bin:/usr/local/git/bin:/Users/124C/miniconda3/bin:/usr/local/heroku/bin:/Applications/android-sdk-macosx/platform-tools:/Applications/android-sdk-macosx/tools:/Applications/android-sdk-macosx/platform-tools:/Applications/android-sdk-macosx/tools
10 verbose lifecycle portfolio-new@1.0.0~prod: CWD: /Users/124C/Documents/portfolio-react
11 silly lifecycle portfolio-new@1.0.0~prod: Args: [ '-c',
11 silly lifecycle   'npm run clean && NODE_ENV=production node_modules/.bin/webpack -p' ]
12 silly lifecycle portfolio-new@1.0.0~prod: Returned: code: 2  signal: null
13 info lifecycle portfolio-new@1.0.0~prod: Failed to exec prod script
14 verbose stack Error: portfolio-new@1.0.0 prod: `npm run clean && NODE_ENV=production node_modules/.bin/webpack -p`
14 verbose stack Exit status 2
14 verbose stack     at EventEmitter.<anonymous> (/usr/local/lib/node_modules/npm/lib/utils/lifecycle.js:279:16)
14 verbose stack     at emitTwo (events.js:106:13)
14 verbose stack     at EventEmitter.emit (events.js:192:7)
14 verbose stack     at ChildProcess.<anonymous> (/usr/local/lib/node_modules/npm/lib/utils/spawn.js:40:14)
14 verbose stack     at emitTwo (events.js:106:13)
14 verbose stack     at ChildProcess.emit (events.js:192:7)
14 verbose stack     at maybeClose (internal/child_process.js:890:16)
14 verbose stack     at Process.ChildProcess._handle.onexit (internal/child_process.js:226:5)
15 verbose pkgid portfolio-new@1.0.0
16 verbose cwd /Users/124C/Documents/portfolio-react
17 error Darwin 16.4.0
18 error argv "/usr/local/bin/node" "/usr/local/bin/npm" "run" "prod"
19 error node v7.5.0
20 error npm  v4.1.2
21 error code ELIFECYCLE
22 error portfolio-new@1.0.0 prod: `npm run clean && NODE_ENV=production node_modules/.bin/webpack -p`
22 error Exit status 2
23 error Failed at the portfolio-new@1.0.0 prod script 'npm run clean && NODE_ENV=production node_modules/.bin/webpack -p'.
23 error Make sure you have the latest version of node.js and npm installed.
23 error If you do, this is most likely a problem with the portfolio-new package,
23 error not with npm itself.
23 error Tell the author that this fails on your system:
23 error     npm run clean && NODE_ENV=production node_modules/.bin/webpack -p
23 error You can get information on how to open an issue for this project with:
23 error     npm bugs portfolio-new
23 error Or if that isn't available, you can get their info via:
23 error     npm owner ls portfolio-new
23 error There is likely additional logging output above.
24 verbose exit [ 1, true ]
